mode: set
github.com/grupawp/akademia-programowania/Golang/zadania/academy2/academy.go:8.48,10.16 2 1
github.com/grupawp/akademia-programowania/Golang/zadania/academy2/academy.go:10.16,12.3 1 0
github.com/grupawp/akademia-programowania/Golang/zadania/academy2/academy.go:14.2,14.29 1 1
github.com/grupawp/akademia-programowania/Golang/zadania/academy2/academy.go:14.29,16.17 2 1
github.com/grupawp/akademia-programowania/Golang/zadania/academy2/academy.go:16.17,18.4 1 0
github.com/grupawp/akademia-programowania/Golang/zadania/academy2/academy.go:21.2,21.12 1 1
github.com/grupawp/akademia-programowania/Golang/zadania/academy2/academy.go:24.52,26.9 2 1
github.com/grupawp/akademia-programowania/Golang/zadania/academy2/academy.go:27.42,28.13 1 1
github.com/grupawp/akademia-programowania/Golang/zadania/academy2/academy.go:29.18,30.13 1 0
github.com/grupawp/akademia-programowania/Golang/zadania/academy2/academy.go:33.2,34.28 2 1
github.com/grupawp/akademia-programowania/Golang/zadania/academy2/academy.go:34.28,36.3 1 1
github.com/grupawp/akademia-programowania/Golang/zadania/academy2/academy.go:38.2,38.9 1 1
github.com/grupawp/akademia-programowania/Golang/zadania/academy2/academy.go:39.18,40.35 1 1
github.com/grupawp/akademia-programowania/Golang/zadania/academy2/academy.go:41.21,42.29 1 1
github.com/grupawp/akademia-programowania/Golang/zadania/academy2/academy.go:43.10,44.37 1 1
github.com/grupawp/akademia-programowania/Golang/zadania/academy2/academy.go:47.2,47.12 1 1
github.com/grupawp/akademia-programowania/Golang/zadania/academy2/sophomore.go:15.39,16.24 1 1
github.com/grupawp/akademia-programowania/Golang/zadania/academy2/sophomore.go:16.24,18.3 1 1
github.com/grupawp/akademia-programowania/Golang/zadania/academy2/sophomore.go:19.2,20.33 2 1
github.com/grupawp/akademia-programowania/Golang/zadania/academy2/sophomore.go:20.33,22.3 1 1
github.com/grupawp/akademia-programowania/Golang/zadania/academy2/sophomore.go:23.2,23.54 1 1
github.com/grupawp/akademia-programowania/Golang/zadania/academy2/sophomore.go:32.51,33.28 1 1
github.com/grupawp/akademia-programowania/Golang/zadania/academy2/sophomore.go:33.28,35.3 1 1
github.com/grupawp/akademia-programowania/Golang/zadania/academy2/sophomore.go:36.2,37.39 2 1
github.com/grupawp/akademia-programowania/Golang/zadania/academy2/sophomore.go:37.39,38.14 1 1
github.com/grupawp/akademia-programowania/Golang/zadania/academy2/sophomore.go:38.14,40.4 1 1
github.com/grupawp/akademia-programowania/Golang/zadania/academy2/sophomore.go:42.2,42.41 1 1
github.com/grupawp/akademia-programowania/Golang/zadania/academy2/sophomore.go:56.37,60.9 4 1
github.com/grupawp/akademia-programowania/Golang/zadania/academy2/sophomore.go:61.59,62.11 1 1
github.com/grupawp/akademia-programowania/Golang/zadania/academy2/sophomore.go:63.24,64.13 1 1
github.com/grupawp/akademia-programowania/Golang/zadania/academy2/sophomore.go:66.2,66.14 1 1
github.com/grupawp/akademia-programowania/Golang/zadania/academy2/sophomore.go:69.34,71.2 1 1
github.com/grupawp/akademia-programowania/Golang/zadania/academy2/sophomore.go:73.33,75.2 1 1
